<?xml version="1.0" encoding="UTF-8" standalone="yes"?>
<ns2:test-suite start="1501894178154" stop="1501894191397" version="1.4.15" xmlns:ns2="urn:model.allure.qatools.yandex.ru">
    <name>Verify guest ratings and amenities in GuestRatings</name>
    <title>Verify guest ratings and amenities in GuestRatings</title>
    <test-cases>
        <test-case start="1501894178292" stop="1501894178294" status="passed">
            <name>Given I open the default browser and I am on hotel deals page</name>
            <title>Given I open the default browser and I am on hotel deals page</title>
            <steps/>
            <attachments/>
            <labels>
                <label name="host" value="Shakibs-MacBook-Pro.local"/>
                <label name="thread" value="2195@Shakibs-MacBook-Pro.local.main(1)"/>
            </labels>
        </test-case>
        <test-case start="1501894178405" stop="1501894178405" status="passed">
            <name>And User scrolls down to Great deals in popular destinations</name>
            <title>And User scrolls down to Great deals in popular destinations</title>
            <steps/>
            <attachments/>
            <labels>
                <label name="host" value="Shakibs-MacBook-Pro.local"/>
                <label name="thread" value="2195@Shakibs-MacBook-Pro.local.main(1)"/>
            </labels>
        </test-case>
        <test-case start="1501894178612" stop="1501894178613" status="passed">
            <name>And User selects any deals from the given options</name>
            <title>And User selects any deals from the given options</title>
            <steps/>
            <attachments/>
            <labels>
                <label name="host" value="Shakibs-MacBook-Pro.local"/>
                <label name="thread" value="2195@Shakibs-MacBook-Pro.local.main(1)"/>
            </labels>
        </test-case>
        <test-case start="1501894180181" stop="1501894180181" status="passed">
            <name>And User selects "08/02/17" check-in date in the pop-up window</name>
            <title>And User selects "08/02/17" check-in date in the pop-up window</title>
            <steps/>
            <attachments/>
            <labels>
                <label name="host" value="Shakibs-MacBook-Pro.local"/>
                <label name="thread" value="2195@Shakibs-MacBook-Pro.local.main(1)"/>
            </labels>
        </test-case>
        <test-case start="1501894180380" stop="1501894180380" status="passed">
            <name>And User selects "08/10/17" check-out in the pop-up window</name>
            <title>And User selects "08/10/17" check-out in the pop-up window</title>
            <steps/>
            <attachments/>
            <labels>
                <label name="host" value="Shakibs-MacBook-Pro.local"/>
                <label name="thread" value="2195@Shakibs-MacBook-Pro.local.main(1)"/>
            </labels>
        </test-case>
        <test-case start="1501894180458" stop="1501894180458" status="passed">
            <name>And User selects number of rooms to one</name>
            <title>And User selects number of rooms to one</title>
            <steps/>
            <attachments/>
            <labels>
                <label name="host" value="Shakibs-MacBook-Pro.local"/>
                <label name="thread" value="2195@Shakibs-MacBook-Pro.local.main(1)"/>
            </labels>
        </test-case>
        <test-case start="1501894180521" stop="1501894180521" status="passed">
            <name>And User selects number of adults to two</name>
            <title>And User selects number of adults to two</title>
            <steps/>
            <attachments/>
            <labels>
                <label name="host" value="Shakibs-MacBook-Pro.local"/>
                <label name="thread" value="2195@Shakibs-MacBook-Pro.local.main(1)"/>
            </labels>
        </test-case>
        <test-case start="1501894181131" stop="1501894181131" status="passed">
            <name>And User selects number of children to one</name>
            <title>And User selects number of children to one</title>
            <steps/>
            <attachments/>
            <labels>
                <label name="host" value="Shakibs-MacBook-Pro.local"/>
                <label name="thread" value="2195@Shakibs-MacBook-Pro.local.main(1)"/>
            </labels>
        </test-case>
        <test-case start="1501894181232" stop="1501894181232" status="passed">
            <name>And User selects age of children to one</name>
            <title>And User selects age of children to one</title>
            <steps/>
            <attachments/>
            <labels>
                <label name="host" value="Shakibs-MacBook-Pro.local"/>
                <label name="thread" value="2195@Shakibs-MacBook-Pro.local.main(1)"/>
            </labels>
        </test-case>
        <test-case start="1501894181312" stop="1501894181312" status="passed">
            <name>And User clicks on continue button</name>
            <title>And User clicks on continue button</title>
            <steps/>
            <attachments/>
            <labels>
                <label name="host" value="Shakibs-MacBook-Pro.local"/>
                <label name="thread" value="2195@Shakibs-MacBook-Pro.local.main(1)"/>
            </labels>
        </test-case>
        <test-case start="1501894191376" stop="1501894191384" status="failed">
            <name>And User clicks on guest rating from the sort by options on the hotels list page</name>
            <title>And User clicks on guest rating from the sort by options on the hotels list page</title>
            <failure>
                <message>AssertionError: Element is not found with this locator: By.xpath: .//*[@id='enhanced-sort']/li[4]/a</message>
                <stack-trace>java.lang.AssertionError: Element is not found with this locator: By.xpath: .//*[@id='enhanced-sort']/li[4]/a
	at org.testng.Assert.fail(Assert.java:93)
	at framework.BasePage.clickOn(BasePage.java:21)
	at framework.GuestRatings.clickOnGuestRatingOptions(GuestRatings.java:128)
	at stepdefinition.GuestRatingsSD.iClickOnGuestRatingOptions(GuestRatingsSD.java:64)
	at âœ½.And User clicks on guest rating from the sort by options on the hotels list page(/Users/shakibkarim/Downloads/bootcamp_website/src/test/resources/features/HotelsProject.feature:21)
</stack-trace>
            </failure>
            <steps/>
            <attachments/>
            <labels>
                <label name="host" value="Shakibs-MacBook-Pro.local"/>
                <label name="thread" value="2195@Shakibs-MacBook-Pro.local.main(1)"/>
            </labels>
        </test-case>
        <test-case start="1501894191387" stop="1501894191388" status="pending">
            <name>And User scrolls down and selects Free Beakfast from amenities</name>
            <title>And User scrolls down and selects Free Beakfast from amenities</title>
            <failure>
                <message>Test ignored (without reason)!</message>
                <stack-trace>There are no stack trace</stack-trace>
            </failure>
            <steps/>
            <attachments/>
            <labels>
                <label name="host" value="Shakibs-MacBook-Pro.local"/>
                <label name="thread" value="2195@Shakibs-MacBook-Pro.local.main(1)"/>
            </labels>
        </test-case>
        <test-case start="1501894191389" stop="1501894191389" status="pending">
            <name>And User selects Business from Themes</name>
            <title>And User selects Business from Themes</title>
            <failure>
                <message>Test ignored (without reason)!</message>
                <stack-trace>There are no stack trace</stack-trace>
            </failure>
            <steps/>
            <attachments/>
            <labels>
                <label name="host" value="Shakibs-MacBook-Pro.local"/>
                <label name="thread" value="2195@Shakibs-MacBook-Pro.local.main(1)"/>
            </labels>
        </test-case>
        <test-case start="1501894191391" stop="1501894191391" status="pending">
            <name>Then Verify that the first hotel option contains guest ratings score</name>
            <title>Then Verify that the first hotel option contains guest ratings score</title>
            <failure>
                <message>Test ignored (without reason)!</message>
                <stack-trace>There are no stack trace</stack-trace>
            </failure>
            <steps/>
            <attachments/>
            <labels>
                <label name="host" value="Shakibs-MacBook-Pro.local"/>
                <label name="thread" value="2195@Shakibs-MacBook-Pro.local.main(1)"/>
            </labels>
        </test-case>
        <test-case start="1501894191393" stop="1501894191393" status="pending">
            <name>And User clicks on First Hotel name</name>
            <title>And User clicks on First Hotel name</title>
            <failure>
                <message>Test ignored (without reason)!</message>
                <stack-trace>There are no stack trace</stack-trace>
            </failure>
            <steps/>
            <attachments/>
            <labels>
                <label name="host" value="Shakibs-MacBook-Pro.local"/>
                <label name="thread" value="2195@Shakibs-MacBook-Pro.local.main(1)"/>
            </labels>
        </test-case>
        <test-case start="1501894191394" stop="1501894191394" status="pending">
            <name>And Verify the first hotel option contains selected amenities and themes</name>
            <title>And Verify the first hotel option contains selected amenities and themes</title>
            <failure>
                <message>Test ignored (without reason)!</message>
                <stack-trace>There are no stack trace</stack-trace>
            </failure>
            <steps/>
            <attachments/>
            <labels>
                <label name="host" value="Shakibs-MacBook-Pro.local"/>
                <label name="thread" value="2195@Shakibs-MacBook-Pro.local.main(1)"/>
            </labels>
        </test-case>
    </test-cases>
    <labels>
        <label name="story" value="Verify guest ratings and amenities in GuestRatings"/>
        <label name="feature" value="Hotels.com feature"/>
        <label name="framework" value="CucumberJVM"/>
        <label name="language" value="JAVA"/>
    </labels>
</ns2:test-suite>
