<?xml version="1.0" encoding="UTF-8" standalone="yes"?>
<ns2:test-suite start="1503154325066" stop="1503154325366" version="1.4.15" xmlns:ns2="urn:model.allure.qatools.yandex.ru">
    <name>Verify guest ratings and amenities in GuestRatings</name>
    <title>Verify guest ratings and amenities in GuestRatings</title>
    <test-cases>
        <test-case start="1503154325091" stop="1503154325094" status="passed">
            <name>Given I open the default browser and I am on hotel deals page</name>
            <title>Given I open the default browser and I am on hotel deals page</title>
            <steps/>
            <attachments/>
            <labels>
                <label name="host" value="Shakibs-MacBook-Pro.local"/>
                <label name="thread" value="2524@Shakibs-MacBook-Pro.local.main(1)"/>
            </labels>
        </test-case>
        <test-case start="1503154325198" stop="1503154325198" status="passed">
            <name>And User scrolls down to Great deals in popular destinations</name>
            <title>And User scrolls down to Great deals in popular destinations</title>
            <steps/>
            <attachments/>
            <labels>
                <label name="host" value="Shakibs-MacBook-Pro.local"/>
                <label name="thread" value="2524@Shakibs-MacBook-Pro.local.main(1)"/>
            </labels>
        </test-case>
        <test-case start="1503154325303" stop="1503154325317" status="broken">
            <name>And User selects any deals from the given options</name>
            <title>And User selects any deals from the given options</title>
            <failure>
                <message>WebDriverException: unknown error: Element &lt;a href="https://www.hotels.com/de1504033/hotels-las-vegas-nevada/" data-title="Las Vegas" data-destination-id="1504033" data-intlid="dealshub :: Great Deals"&gt;...&lt;/a&gt; is not clickable at point (418, 561). Other element would receive the click: &lt;div class="widget-overlay-mask" style="display: block;"&gt;&lt;/div&gt;
  (Session info: chrome=60.0.3112.101)
  (Driver info: chromedriver=2.29.461585 (0be2cd95f834e9ee7c46bcc7cf405b483f5ae83b),platform=Mac OS X 10.12.6 x86_64) (WARNING: The server did not provide any stacktrace information)
Command duration or timeout: 59 milliseconds
Build info: version: '3.4.0', revision: 'unknown', time: 'unknown'
System info: host: 'Shakibs-MacBook-Pro.local', ip: 'fdf3:f832:32c8:0:5849:1ebc:ff8d:1f6b', os.name: 'Mac OS X', os.arch: 'x86_64', os.version: '10.12.6', java.version: '1.8.0_131'
Driver info: org.openqa.selenium.chrome.ChromeDriver
Capabilities [{applicationCacheEnabled=false, rotatable=false, mobileEmulationEnabled=false, networkConnectionEnabled=false, chrome={chromedriverVersion=2.29.461585 (0be2cd95f834e9ee7c46bcc7cf405b483f5ae83b), userDataDir=/var/folders/fp/ttz4zcxx79v0599hcs9l_x7h0000gn/T/.org.chromium.Chromium.72NyGK}, takesHeapSnapshot=true, pageLoadStrategy=normal, databaseEnabled=false, handlesAlerts=true, hasTouchScreen=false, version=60.0.3112.101, platform=MAC, browserConnectionEnabled=false, nativeEvents=true, acceptSslCerts=true, locationContextEnabled=true, webStorageEnabled=true, browserName=chrome, takesScreenshot=true, javascriptEnabled=true, cssSelectorsEnabled=true, unexpectedAlertBehaviour=}]
Session ID: 1633bc234d9e39e733ae1795f8819cab</message>
                <stack-trace>org.openqa.selenium.WebDriverException: unknown error: Element &lt;a href="https://www.hotels.com/de1504033/hotels-las-vegas-nevada/" data-title="Las Vegas" data-destination-id="1504033" data-intlid="dealshub :: Great Deals"&gt;...&lt;/a&gt; is not clickable at point (418, 561). Other element would receive the click: &lt;div class="widget-overlay-mask" style="display: block;"&gt;&lt;/div&gt;
  (Session info: chrome=60.0.3112.101)
  (Driver info: chromedriver=2.29.461585 (0be2cd95f834e9ee7c46bcc7cf405b483f5ae83b),platform=Mac OS X 10.12.6 x86_64) (WARNING: The server did not provide any stacktrace information)
Command duration or timeout: 59 milliseconds
Build info: version: '3.4.0', revision: 'unknown', time: 'unknown'
System info: host: 'Shakibs-MacBook-Pro.local', ip: 'fdf3:f832:32c8:0:5849:1ebc:ff8d:1f6b', os.name: 'Mac OS X', os.arch: 'x86_64', os.version: '10.12.6', java.version: '1.8.0_131'
Driver info: org.openqa.selenium.chrome.ChromeDriver
Capabilities [{applicationCacheEnabled=false, rotatable=false, mobileEmulationEnabled=false, networkConnectionEnabled=false, chrome={chromedriverVersion=2.29.461585 (0be2cd95f834e9ee7c46bcc7cf405b483f5ae83b), userDataDir=/var/folders/fp/ttz4zcxx79v0599hcs9l_x7h0000gn/T/.org.chromium.Chromium.72NyGK}, takesHeapSnapshot=true, pageLoadStrategy=normal, databaseEnabled=false, handlesAlerts=true, hasTouchScreen=false, version=60.0.3112.101, platform=MAC, browserConnectionEnabled=false, nativeEvents=true, acceptSslCerts=true, locationContextEnabled=true, webStorageEnabled=true, browserName=chrome, takesScreenshot=true, javascriptEnabled=true, cssSelectorsEnabled=true, unexpectedAlertBehaviour=}]
Session ID: 1633bc234d9e39e733ae1795f8819cab
	at sun.reflect.NativeConstructorAccessorImpl.newInstance0(Native Method)
	at sun.reflect.NativeConstructorAccessorImpl.newInstance(NativeConstructorAccessorImpl.java:62)
	at sun.reflect.DelegatingConstructorAccessorImpl.newInstance(DelegatingConstructorAccessorImpl.java:45)
	at java.lang.reflect.Constructor.newInstance(Constructor.java:423)
	at org.openqa.selenium.remote.ErrorHandler.createThrowable(ErrorHandler.java:215)
	at org.openqa.selenium.remote.ErrorHandler.throwIfResponseFailed(ErrorHandler.java:167)
	at org.openqa.selenium.remote.RemoteWebDriver.execute(RemoteWebDriver.java:671)
	at org.openqa.selenium.remote.RemoteWebElement.execute(RemoteWebElement.java:272)
	at org.openqa.selenium.remote.RemoteWebElement.click(RemoteWebElement.java:82)
	at framework.BasePage.clickOn(BasePage.java:19)
	at framework.GuestRatings.clickOnLasVegasDeal(GuestRatings.java:54)
	at stepdefinition.GuestRatingsSD.iSelectLasVegasDeal(GuestRatingsSD.java:22)
	at âœ½.And User selects any deals from the given options(/Users/shakibkarim/Downloads/bootcamp_website/src/test/resources/features/HotelsProject.feature:13)
</stack-trace>
            </failure>
            <steps/>
            <attachments/>
            <labels>
                <label name="host" value="Shakibs-MacBook-Pro.local"/>
                <label name="thread" value="2524@Shakibs-MacBook-Pro.local.main(1)"/>
            </labels>
        </test-case>
        <test-case start="1503154325339" stop="1503154325340" status="pending">
            <name>And User selects "08/25/17" check-in date in the pop-up window</name>
            <title>And User selects "08/25/17" check-in date in the pop-up window</title>
            <failure>
                <message>Test ignored (without reason)!</message>
                <stack-trace>There are no stack trace</stack-trace>
            </failure>
            <steps/>
            <attachments/>
            <labels>
                <label name="host" value="Shakibs-MacBook-Pro.local"/>
                <label name="thread" value="2524@Shakibs-MacBook-Pro.local.main(1)"/>
            </labels>
        </test-case>
        <test-case start="1503154325343" stop="1503154325343" status="pending">
            <name>And User selects "08/30/17" check-out in the pop-up window</name>
            <title>And User selects "08/30/17" check-out in the pop-up window</title>
            <failure>
                <message>Test ignored (without reason)!</message>
                <stack-trace>There are no stack trace</stack-trace>
            </failure>
            <steps/>
            <attachments/>
            <labels>
                <label name="host" value="Shakibs-MacBook-Pro.local"/>
                <label name="thread" value="2524@Shakibs-MacBook-Pro.local.main(1)"/>
            </labels>
        </test-case>
        <test-case start="1503154325345" stop="1503154325345" status="pending">
            <name>And User selects number of rooms to one</name>
            <title>And User selects number of rooms to one</title>
            <failure>
                <message>Test ignored (without reason)!</message>
                <stack-trace>There are no stack trace</stack-trace>
            </failure>
            <steps/>
            <attachments/>
            <labels>
                <label name="host" value="Shakibs-MacBook-Pro.local"/>
                <label name="thread" value="2524@Shakibs-MacBook-Pro.local.main(1)"/>
            </labels>
        </test-case>
        <test-case start="1503154325347" stop="1503154325347" status="pending">
            <name>And User selects number of adults to two</name>
            <title>And User selects number of adults to two</title>
            <failure>
                <message>Test ignored (without reason)!</message>
                <stack-trace>There are no stack trace</stack-trace>
            </failure>
            <steps/>
            <attachments/>
            <labels>
                <label name="host" value="Shakibs-MacBook-Pro.local"/>
                <label name="thread" value="2524@Shakibs-MacBook-Pro.local.main(1)"/>
            </labels>
        </test-case>
        <test-case start="1503154325349" stop="1503154325349" status="pending">
            <name>And User selects number of children to one</name>
            <title>And User selects number of children to one</title>
            <failure>
                <message>Test ignored (without reason)!</message>
                <stack-trace>There are no stack trace</stack-trace>
            </failure>
            <steps/>
            <attachments/>
            <labels>
                <label name="host" value="Shakibs-MacBook-Pro.local"/>
                <label name="thread" value="2524@Shakibs-MacBook-Pro.local.main(1)"/>
            </labels>
        </test-case>
        <test-case start="1503154325351" stop="1503154325351" status="pending">
            <name>And User selects age of children to one</name>
            <title>And User selects age of children to one</title>
            <failure>
                <message>Test ignored (without reason)!</message>
                <stack-trace>There are no stack trace</stack-trace>
            </failure>
            <steps/>
            <attachments/>
            <labels>
                <label name="host" value="Shakibs-MacBook-Pro.local"/>
                <label name="thread" value="2524@Shakibs-MacBook-Pro.local.main(1)"/>
            </labels>
        </test-case>
        <test-case start="1503154325352" stop="1503154325352" status="pending">
            <name>And User clicks on continue button</name>
            <title>And User clicks on continue button</title>
            <failure>
                <message>Test ignored (without reason)!</message>
                <stack-trace>There are no stack trace</stack-trace>
            </failure>
            <steps/>
            <attachments/>
            <labels>
                <label name="host" value="Shakibs-MacBook-Pro.local"/>
                <label name="thread" value="2524@Shakibs-MacBook-Pro.local.main(1)"/>
            </labels>
        </test-case>
        <test-case start="1503154325354" stop="1503154325354" status="pending">
            <name>And User clicks on guest rating from the sort by options on the hotels list page</name>
            <title>And User clicks on guest rating from the sort by options on the hotels list page</title>
            <failure>
                <message>Test ignored (without reason)!</message>
                <stack-trace>There are no stack trace</stack-trace>
            </failure>
            <steps/>
            <attachments/>
            <labels>
                <label name="host" value="Shakibs-MacBook-Pro.local"/>
                <label name="thread" value="2524@Shakibs-MacBook-Pro.local.main(1)"/>
            </labels>
        </test-case>
        <test-case start="1503154325356" stop="1503154325356" status="pending">
            <name>And User scrolls down and selects Free Beakfast from amenities</name>
            <title>And User scrolls down and selects Free Beakfast from amenities</title>
            <failure>
                <message>Test ignored (without reason)!</message>
                <stack-trace>There are no stack trace</stack-trace>
            </failure>
            <steps/>
            <attachments/>
            <labels>
                <label name="host" value="Shakibs-MacBook-Pro.local"/>
                <label name="thread" value="2524@Shakibs-MacBook-Pro.local.main(1)"/>
            </labels>
        </test-case>
        <test-case start="1503154325358" stop="1503154325358" status="pending">
            <name>And User selects Business from Themes</name>
            <title>And User selects Business from Themes</title>
            <failure>
                <message>Test ignored (without reason)!</message>
                <stack-trace>There are no stack trace</stack-trace>
            </failure>
            <steps/>
            <attachments/>
            <labels>
                <label name="host" value="Shakibs-MacBook-Pro.local"/>
                <label name="thread" value="2524@Shakibs-MacBook-Pro.local.main(1)"/>
            </labels>
        </test-case>
        <test-case start="1503154325360" stop="1503154325360" status="pending">
            <name>Then Verify that the first hotel option contains guest ratings score</name>
            <title>Then Verify that the first hotel option contains guest ratings score</title>
            <failure>
                <message>Test ignored (without reason)!</message>
                <stack-trace>There are no stack trace</stack-trace>
            </failure>
            <steps/>
            <attachments/>
            <labels>
                <label name="host" value="Shakibs-MacBook-Pro.local"/>
                <label name="thread" value="2524@Shakibs-MacBook-Pro.local.main(1)"/>
            </labels>
        </test-case>
        <test-case start="1503154325362" stop="1503154325362" status="pending">
            <name>And User clicks on First Hotel name</name>
            <title>And User clicks on First Hotel name</title>
            <failure>
                <message>Test ignored (without reason)!</message>
                <stack-trace>There are no stack trace</stack-trace>
            </failure>
            <steps/>
            <attachments/>
            <labels>
                <label name="host" value="Shakibs-MacBook-Pro.local"/>
                <label name="thread" value="2524@Shakibs-MacBook-Pro.local.main(1)"/>
            </labels>
        </test-case>
        <test-case start="1503154325363" stop="1503154325363" status="pending">
            <name>And Verify the first hotel option contains selected amenities and themes</name>
            <title>And Verify the first hotel option contains selected amenities and themes</title>
            <failure>
                <message>Test ignored (without reason)!</message>
                <stack-trace>There are no stack trace</stack-trace>
            </failure>
            <steps/>
            <attachments/>
            <labels>
                <label name="host" value="Shakibs-MacBook-Pro.local"/>
                <label name="thread" value="2524@Shakibs-MacBook-Pro.local.main(1)"/>
            </labels>
        </test-case>
    </test-cases>
    <labels>
        <label name="story" value="Verify guest ratings and amenities in GuestRatings"/>
        <label name="feature" value="Hotels.com feature"/>
        <label name="framework" value="CucumberJVM"/>
        <label name="language" value="JAVA"/>
    </labels>
</ns2:test-suite>
