<?xml version="1.0" encoding="UTF-8" standalone="yes"?>
<ns2:test-suite start="1503154383735" stop="1503154397098" version="1.4.15" xmlns:ns2="urn:model.allure.qatools.yandex.ru">
    <name>Verify user can find hotels with free airport shuttle near selected airports</name>
    <title>Verify user can find hotels with free airport shuttle near selected airports</title>
    <test-cases>
        <test-case start="1503154383736" stop="1503154383736" status="passed">
            <name>Given I open the default browser and I am on hotel deals page</name>
            <title>Given I open the default browser and I am on hotel deals page</title>
            <steps/>
            <attachments/>
            <labels>
                <label name="host" value="Shakibs-MacBook-Pro.local"/>
                <label name="thread" value="2524@Shakibs-MacBook-Pro.local.main(1)"/>
            </labels>
        </test-case>
        <test-case start="1503154397013" stop="1503154397013" status="passed">
            <name>When User enters "New York" in Destination, hotel, landmark, or address text field</name>
            <title>When User enters "New York" in Destination, hotel, landmark, or address text field</title>
            <steps/>
            <attachments/>
            <labels>
                <label name="host" value="Shakibs-MacBook-Pro.local"/>
                <label name="thread" value="2524@Shakibs-MacBook-Pro.local.main(1)"/>
            </labels>
        </test-case>
        <test-case start="1503154397086" stop="1503154397088" status="broken">
            <name>And User confirms check-in date</name>
            <title>And User confirms check-in date</title>
            <failure>
                <message>WebDriverException: unknown error: Element &lt;input type="text" class="query-localised-check-in " name="q-localised-check-in" id="qf-1q-localised-check-in" placeholder="mm/dd/yy" aria-haspopup="true" aria-labelledby="widget-query-label-1 widget-query-label-2" autocomplete="off"&gt; is not clickable at point (221, 312). Other element would receive the click: &lt;p&gt;...&lt;/p&gt;
  (Session info: chrome=60.0.3112.101)
  (Driver info: chromedriver=2.29.461585 (0be2cd95f834e9ee7c46bcc7cf405b483f5ae83b),platform=Mac OS X 10.12.6 x86_64) (WARNING: The server did not provide any stacktrace information)
Command duration or timeout: 52 milliseconds
Build info: version: '3.4.0', revision: 'unknown', time: 'unknown'
System info: host: 'Shakibs-MacBook-Pro.local', ip: 'fdf3:f832:32c8:0:5849:1ebc:ff8d:1f6b', os.name: 'Mac OS X', os.arch: 'x86_64', os.version: '10.12.6', java.version: '1.8.0_131'
Driver info: org.openqa.selenium.chrome.ChromeDriver
Capabilities [{applicationCacheEnabled=false, rotatable=false, mobileEmulationEnabled=false, networkConnectionEnabled=false, chrome={chromedriverVersion=2.29.461585 (0be2cd95f834e9ee7c46bcc7cf405b483f5ae83b), userDataDir=/var/folders/fp/ttz4zcxx79v0599hcs9l_x7h0000gn/T/.org.chromium.Chromium.7q5UtH}, takesHeapSnapshot=true, pageLoadStrategy=normal, databaseEnabled=false, handlesAlerts=true, hasTouchScreen=false, version=60.0.3112.101, platform=MAC, browserConnectionEnabled=false, nativeEvents=true, acceptSslCerts=true, locationContextEnabled=true, webStorageEnabled=true, browserName=chrome, takesScreenshot=true, javascriptEnabled=true, cssSelectorsEnabled=true, unexpectedAlertBehaviour=}]
Session ID: 73d3be79881ed3408233eac77ac84144</message>
                <stack-trace>org.openqa.selenium.WebDriverException: unknown error: Element &lt;input type="text" class="query-localised-check-in " name="q-localised-check-in" id="qf-1q-localised-check-in" placeholder="mm/dd/yy" aria-haspopup="true" aria-labelledby="widget-query-label-1 widget-query-label-2" autocomplete="off"&gt; is not clickable at point (221, 312). Other element would receive the click: &lt;p&gt;...&lt;/p&gt;
  (Session info: chrome=60.0.3112.101)
  (Driver info: chromedriver=2.29.461585 (0be2cd95f834e9ee7c46bcc7cf405b483f5ae83b),platform=Mac OS X 10.12.6 x86_64) (WARNING: The server did not provide any stacktrace information)
Command duration or timeout: 52 milliseconds
Build info: version: '3.4.0', revision: 'unknown', time: 'unknown'
System info: host: 'Shakibs-MacBook-Pro.local', ip: 'fdf3:f832:32c8:0:5849:1ebc:ff8d:1f6b', os.name: 'Mac OS X', os.arch: 'x86_64', os.version: '10.12.6', java.version: '1.8.0_131'
Driver info: org.openqa.selenium.chrome.ChromeDriver
Capabilities [{applicationCacheEnabled=false, rotatable=false, mobileEmulationEnabled=false, networkConnectionEnabled=false, chrome={chromedriverVersion=2.29.461585 (0be2cd95f834e9ee7c46bcc7cf405b483f5ae83b), userDataDir=/var/folders/fp/ttz4zcxx79v0599hcs9l_x7h0000gn/T/.org.chromium.Chromium.7q5UtH}, takesHeapSnapshot=true, pageLoadStrategy=normal, databaseEnabled=false, handlesAlerts=true, hasTouchScreen=false, version=60.0.3112.101, platform=MAC, browserConnectionEnabled=false, nativeEvents=true, acceptSslCerts=true, locationContextEnabled=true, webStorageEnabled=true, browserName=chrome, takesScreenshot=true, javascriptEnabled=true, cssSelectorsEnabled=true, unexpectedAlertBehaviour=}]
Session ID: 73d3be79881ed3408233eac77ac84144
	at sun.reflect.NativeConstructorAccessorImpl.newInstance0(Native Method)
	at sun.reflect.NativeConstructorAccessorImpl.newInstance(NativeConstructorAccessorImpl.java:62)
	at sun.reflect.DelegatingConstructorAccessorImpl.newInstance(DelegatingConstructorAccessorImpl.java:45)
	at java.lang.reflect.Constructor.newInstance(Constructor.java:423)
	at org.openqa.selenium.remote.ErrorHandler.createThrowable(ErrorHandler.java:215)
	at org.openqa.selenium.remote.ErrorHandler.throwIfResponseFailed(ErrorHandler.java:167)
	at org.openqa.selenium.remote.RemoteWebDriver.execute(RemoteWebDriver.java:671)
	at org.openqa.selenium.remote.RemoteWebElement.execute(RemoteWebElement.java:272)
	at org.openqa.selenium.remote.RemoteWebElement.click(RemoteWebElement.java:82)
	at framework.BasePage.clickOn(BasePage.java:19)
	at framework.AirportShuttle.confirmCheckInDate(AirportShuttle.java:81)
	at stepdefinition.AirportShuttleSD.iSelectCheckInDate(AirportShuttleSD.java:19)
	at âœ½.And User confirms check-in date(/Users/shakibkarim/Downloads/bootcamp_website/src/test/resources/features/HotelsProject.feature:81)
</stack-trace>
            </failure>
            <steps/>
            <attachments/>
            <labels>
                <label name="host" value="Shakibs-MacBook-Pro.local"/>
                <label name="thread" value="2524@Shakibs-MacBook-Pro.local.main(1)"/>
            </labels>
        </test-case>
        <test-case start="1503154397091" stop="1503154397091" status="pending">
            <name>And User confirms check-out date</name>
            <title>And User confirms check-out date</title>
            <failure>
                <message>Test ignored (without reason)!</message>
                <stack-trace>There are no stack trace</stack-trace>
            </failure>
            <steps/>
            <attachments/>
            <labels>
                <label name="host" value="Shakibs-MacBook-Pro.local"/>
                <label name="thread" value="2524@Shakibs-MacBook-Pro.local.main(1)"/>
            </labels>
        </test-case>
        <test-case start="1503154397092" stop="1503154397092" status="pending">
            <name>And User selects the number of rooms, adults, children</name>
            <title>And User selects the number of rooms, adults, children</title>
            <failure>
                <message>Test ignored (without reason)!</message>
                <stack-trace>There are no stack trace</stack-trace>
            </failure>
            <steps/>
            <attachments/>
            <labels>
                <label name="host" value="Shakibs-MacBook-Pro.local"/>
                <label name="thread" value="2524@Shakibs-MacBook-Pro.local.main(1)"/>
            </labels>
        </test-case>
        <test-case start="1503154397093" stop="1503154397093" status="pending">
            <name>And User clicks on Show Deals</name>
            <title>And User clicks on Show Deals</title>
            <failure>
                <message>Test ignored (without reason)!</message>
                <stack-trace>There are no stack trace</stack-trace>
            </failure>
            <steps/>
            <attachments/>
            <labels>
                <label name="host" value="Shakibs-MacBook-Pro.local"/>
                <label name="thread" value="2524@Shakibs-MacBook-Pro.local.main(1)"/>
            </labels>
        </test-case>
        <test-case start="1503154397094" stop="1503154397094" status="pending">
            <name>And User scrolls down to select any airports from Landmark drop down</name>
            <title>And User scrolls down to select any airports from Landmark drop down</title>
            <failure>
                <message>Test ignored (without reason)!</message>
                <stack-trace>There are no stack trace</stack-trace>
            </failure>
            <steps/>
            <attachments/>
            <labels>
                <label name="host" value="Shakibs-MacBook-Pro.local"/>
                <label name="thread" value="2524@Shakibs-MacBook-Pro.local.main(1)"/>
            </labels>
        </test-case>
        <test-case start="1503154397095" stop="1503154397095" status="pending">
            <name>And User clicks on Airport transfers under amenities drop down</name>
            <title>And User clicks on Airport transfers under amenities drop down</title>
            <failure>
                <message>Test ignored (without reason)!</message>
                <stack-trace>There are no stack trace</stack-trace>
            </failure>
            <steps/>
            <attachments/>
            <labels>
                <label name="host" value="Shakibs-MacBook-Pro.local"/>
                <label name="thread" value="2524@Shakibs-MacBook-Pro.local.main(1)"/>
            </labels>
        </test-case>
        <test-case start="1503154397096" stop="1503154397096" status="pending">
            <name>And User scrolls up</name>
            <title>And User scrolls up</title>
            <failure>
                <message>Test ignored (without reason)!</message>
                <stack-trace>There are no stack trace</stack-trace>
            </failure>
            <steps/>
            <attachments/>
            <labels>
                <label name="host" value="Shakibs-MacBook-Pro.local"/>
                <label name="thread" value="2524@Shakibs-MacBook-Pro.local.main(1)"/>
            </labels>
        </test-case>
        <test-case start="1503154397097" stop="1503154397097" status="pending">
            <name>And User clicks on hotel name on top of the list</name>
            <title>And User clicks on hotel name on top of the list</title>
            <failure>
                <message>Test ignored (without reason)!</message>
                <stack-trace>There are no stack trace</stack-trace>
            </failure>
            <steps/>
            <attachments/>
            <labels>
                <label name="host" value="Shakibs-MacBook-Pro.local"/>
                <label name="thread" value="2524@Shakibs-MacBook-Pro.local.main(1)"/>
            </labels>
        </test-case>
        <test-case start="1503154397098" stop="1503154397098" status="pending">
            <name>Then User can find free airport shuttle in the main amenities section</name>
            <title>Then User can find free airport shuttle in the main amenities section</title>
            <failure>
                <message>Test ignored (without reason)!</message>
                <stack-trace>There are no stack trace</stack-trace>
            </failure>
            <steps/>
            <attachments/>
            <labels>
                <label name="host" value="Shakibs-MacBook-Pro.local"/>
                <label name="thread" value="2524@Shakibs-MacBook-Pro.local.main(1)"/>
            </labels>
        </test-case>
    </test-cases>
    <labels>
        <label name="story" value="Verify user can find hotels with free airport shuttle near selected airports"/>
        <label name="feature" value="Hotels.com feature"/>
        <label name="framework" value="CucumberJVM"/>
        <label name="language" value="JAVA"/>
    </labels>
</ns2:test-suite>
