<?xml version="1.0" encoding="UTF-8" standalone="yes"?>
<ns2:test-suite start="1503154373022" stop="1503154373127" version="1.4.15" xmlns:ns2="urn:model.allure.qatools.yandex.ru">
    <name>Verify FAQs about hotel.com rewards</name>
    <title>Verify FAQs about hotel.com rewards</title>
    <test-cases>
        <test-case start="1503154373023" stop="1503154373024" status="passed">
            <name>Given I open the default browser and I am on hotel deals page</name>
            <title>Given I open the default browser and I am on hotel deals page</title>
            <steps/>
            <attachments/>
            <labels>
                <label name="host" value="Shakibs-MacBook-Pro.local"/>
                <label name="thread" value="2524@Shakibs-MacBook-Pro.local.main(1)"/>
            </labels>
        </test-case>
        <test-case start="1503154373121" stop="1503154373122" status="broken">
            <name>When User clicks on the collect 10 nights and get 1 night free tile</name>
            <title>When User clicks on the collect 10 nights and get 1 night free tile</title>
            <failure>
                <message>WebDriverException: unknown error: Element &lt;p class="collect-text"&gt;...&lt;/p&gt; is not clickable at point (1076, 592). Other element would receive the click: &lt;div class="widget-overlay-mask" style="display: block;"&gt;&lt;/div&gt;
  (Session info: chrome=60.0.3112.101)
  (Driver info: chromedriver=2.29.461585 (0be2cd95f834e9ee7c46bcc7cf405b483f5ae83b),platform=Mac OS X 10.12.6 x86_64) (WARNING: The server did not provide any stacktrace information)
Command duration or timeout: 73 milliseconds
Build info: version: '3.4.0', revision: 'unknown', time: 'unknown'
System info: host: 'Shakibs-MacBook-Pro.local', ip: 'fdf3:f832:32c8:0:5849:1ebc:ff8d:1f6b', os.name: 'Mac OS X', os.arch: 'x86_64', os.version: '10.12.6', java.version: '1.8.0_131'
Driver info: org.openqa.selenium.chrome.ChromeDriver
Capabilities [{applicationCacheEnabled=false, rotatable=false, mobileEmulationEnabled=false, networkConnectionEnabled=false, chrome={chromedriverVersion=2.29.461585 (0be2cd95f834e9ee7c46bcc7cf405b483f5ae83b), userDataDir=/var/folders/fp/ttz4zcxx79v0599hcs9l_x7h0000gn/T/.org.chromium.Chromium.o95EBt}, takesHeapSnapshot=true, pageLoadStrategy=normal, databaseEnabled=false, handlesAlerts=true, hasTouchScreen=false, version=60.0.3112.101, platform=MAC, browserConnectionEnabled=false, nativeEvents=true, acceptSslCerts=true, locationContextEnabled=true, webStorageEnabled=true, browserName=chrome, takesScreenshot=true, javascriptEnabled=true, cssSelectorsEnabled=true, unexpectedAlertBehaviour=}]
Session ID: 0a498eea0b2381548e93b7ea16ce3cec</message>
                <stack-trace>org.openqa.selenium.WebDriverException: unknown error: Element &lt;p class="collect-text"&gt;...&lt;/p&gt; is not clickable at point (1076, 592). Other element would receive the click: &lt;div class="widget-overlay-mask" style="display: block;"&gt;&lt;/div&gt;
  (Session info: chrome=60.0.3112.101)
  (Driver info: chromedriver=2.29.461585 (0be2cd95f834e9ee7c46bcc7cf405b483f5ae83b),platform=Mac OS X 10.12.6 x86_64) (WARNING: The server did not provide any stacktrace information)
Command duration or timeout: 73 milliseconds
Build info: version: '3.4.0', revision: 'unknown', time: 'unknown'
System info: host: 'Shakibs-MacBook-Pro.local', ip: 'fdf3:f832:32c8:0:5849:1ebc:ff8d:1f6b', os.name: 'Mac OS X', os.arch: 'x86_64', os.version: '10.12.6', java.version: '1.8.0_131'
Driver info: org.openqa.selenium.chrome.ChromeDriver
Capabilities [{applicationCacheEnabled=false, rotatable=false, mobileEmulationEnabled=false, networkConnectionEnabled=false, chrome={chromedriverVersion=2.29.461585 (0be2cd95f834e9ee7c46bcc7cf405b483f5ae83b), userDataDir=/var/folders/fp/ttz4zcxx79v0599hcs9l_x7h0000gn/T/.org.chromium.Chromium.o95EBt}, takesHeapSnapshot=true, pageLoadStrategy=normal, databaseEnabled=false, handlesAlerts=true, hasTouchScreen=false, version=60.0.3112.101, platform=MAC, browserConnectionEnabled=false, nativeEvents=true, acceptSslCerts=true, locationContextEnabled=true, webStorageEnabled=true, browserName=chrome, takesScreenshot=true, javascriptEnabled=true, cssSelectorsEnabled=true, unexpectedAlertBehaviour=}]
Session ID: 0a498eea0b2381548e93b7ea16ce3cec
	at sun.reflect.NativeConstructorAccessorImpl.newInstance0(Native Method)
	at sun.reflect.NativeConstructorAccessorImpl.newInstance(NativeConstructorAccessorImpl.java:62)
	at sun.reflect.DelegatingConstructorAccessorImpl.newInstance(DelegatingConstructorAccessorImpl.java:45)
	at java.lang.reflect.Constructor.newInstance(Constructor.java:423)
	at org.openqa.selenium.remote.ErrorHandler.createThrowable(ErrorHandler.java:215)
	at org.openqa.selenium.remote.ErrorHandler.throwIfResponseFailed(ErrorHandler.java:167)
	at org.openqa.selenium.remote.RemoteWebDriver.execute(RemoteWebDriver.java:671)
	at org.openqa.selenium.remote.RemoteWebElement.execute(RemoteWebElement.java:272)
	at org.openqa.selenium.remote.RemoteWebElement.click(RemoteWebElement.java:82)
	at framework.BasePage.clickOn(BasePage.java:19)
	at framework.FaqRewards.clickOnOfferLink(FaqRewards.java:23)
	at stepdefinition.FaqRewardsSD.iClickOnOfferLink(FaqRewardsSD.java:20)
	at ✽.When User clicks on the collect 10 nights and get 1 night free tile(/Users/shakibkarim/Downloads/bootcamp_website/src/test/resources/features/HotelsProject.feature:72)
</stack-trace>
            </failure>
            <steps/>
            <attachments/>
            <labels>
                <label name="host" value="Shakibs-MacBook-Pro.local"/>
                <label name="thread" value="2524@Shakibs-MacBook-Pro.local.main(1)"/>
            </labels>
        </test-case>
        <test-case start="1503154373124" stop="1503154373124" status="pending">
            <name>And User scrolls down on the next page to got a question section</name>
            <title>And User scrolls down on the next page to got a question section</title>
            <failure>
                <message>Test ignored (without reason)!</message>
                <stack-trace>There are no stack trace</stack-trace>
            </failure>
            <steps/>
            <attachments/>
            <labels>
                <label name="host" value="Shakibs-MacBook-Pro.local"/>
                <label name="thread" value="2524@Shakibs-MacBook-Pro.local.main(1)"/>
            </labels>
        </test-case>
        <test-case start="1503154373125" stop="1503154373125" status="pending">
            <name>And User clicks on How do I collect nights question</name>
            <title>And User clicks on How do I collect nights question</title>
            <failure>
                <message>Test ignored (without reason)!</message>
                <stack-trace>There are no stack trace</stack-trace>
            </failure>
            <steps/>
            <attachments/>
            <labels>
                <label name="host" value="Shakibs-MacBook-Pro.local"/>
                <label name="thread" value="2524@Shakibs-MacBook-Pro.local.main(1)"/>
            </labels>
        </test-case>
        <test-case start="1503154373127" stop="1503154373127" status="pending">
            <name>Then User should be able to see the answer of the question under Collect Hotels.com® Rewards nights section and verify the first paragraph of the answer.</name>
            <title>Then User should be able to see the answer of the question under Collect Hotels.com® Rewards nights section and verify the first paragraph of the answer.</title>
            <failure>
                <message>Test ignored (without reason)!</message>
                <stack-trace>There are no stack trace</stack-trace>
            </failure>
            <steps/>
            <attachments/>
            <labels>
                <label name="host" value="Shakibs-MacBook-Pro.local"/>
                <label name="thread" value="2524@Shakibs-MacBook-Pro.local.main(1)"/>
            </labels>
        </test-case>
    </test-cases>
    <labels>
        <label name="story" value="Verify FAQs about hotel.com rewards"/>
        <label name="feature" value="Hotels.com feature"/>
        <label name="framework" value="CucumberJVM"/>
        <label name="language" value="JAVA"/>
    </labels>
</ns2:test-suite>
