<?xml version="1.0" encoding="UTF-8" standalone="yes"?>
<ns2:test-suite start="1501894199969" stop="1501894220322" version="1.4.15" xmlns:ns2="urn:model.allure.qatools.yandex.ru">
    <name>Verify user can change search on show deals page in ShowDealsPage</name>
    <title>Verify user can change search on show deals page in ShowDealsPage</title>
    <test-cases>
        <test-case start="1501894199970" stop="1501894199970" status="passed">
            <name>Given I open the default browser and I am on hotel deals page</name>
            <title>Given I open the default browser and I am on hotel deals page</title>
            <steps/>
            <attachments/>
            <labels>
                <label name="host" value="Shakibs-MacBook-Pro.local"/>
                <label name="thread" value="2195@Shakibs-MacBook-Pro.local.main(1)"/>
            </labels>
        </test-case>
        <test-case start="1501894203113" stop="1501894203113" status="passed">
            <name>When User types "Boston" into destination text field</name>
            <title>When User types "Boston" into destination text field</title>
            <steps/>
            <attachments/>
            <labels>
                <label name="host" value="Shakibs-MacBook-Pro.local"/>
                <label name="thread" value="2195@Shakibs-MacBook-Pro.local.main(1)"/>
            </labels>
        </test-case>
        <test-case start="1501894203233" stop="1501894203233" status="passed">
            <name>And User selects destination from the drop down suggestions</name>
            <title>And User selects destination from the drop down suggestions</title>
            <steps/>
            <attachments/>
            <labels>
                <label name="host" value="Shakibs-MacBook-Pro.local"/>
                <label name="thread" value="2195@Shakibs-MacBook-Pro.local.main(1)"/>
            </labels>
        </test-case>
        <test-case start="1501894204455" stop="1501894204455" status="passed">
            <name>And User clicks on "08/02/2017" check-in date</name>
            <title>And User clicks on "08/02/2017" check-in date</title>
            <steps/>
            <attachments/>
            <labels>
                <label name="host" value="Shakibs-MacBook-Pro.local"/>
                <label name="thread" value="2195@Shakibs-MacBook-Pro.local.main(1)"/>
            </labels>
        </test-case>
        <test-case start="1501894204710" stop="1501894204710" status="passed">
            <name>And User clicks on "08/10/2017" check-out date</name>
            <title>And User clicks on "08/10/2017" check-out date</title>
            <steps/>
            <attachments/>
            <labels>
                <label name="host" value="Shakibs-MacBook-Pro.local"/>
                <label name="thread" value="2195@Shakibs-MacBook-Pro.local.main(1)"/>
            </labels>
        </test-case>
        <test-case start="1501894204776" stop="1501894204776" status="passed">
            <name>And User selects one in the number of rooms drop down</name>
            <title>And User selects one in the number of rooms drop down</title>
            <steps/>
            <attachments/>
            <labels>
                <label name="host" value="Shakibs-MacBook-Pro.local"/>
                <label name="thread" value="2195@Shakibs-MacBook-Pro.local.main(1)"/>
            </labels>
        </test-case>
        <test-case start="1501894204843" stop="1501894204843" status="passed">
            <name>And User selects two in the number of adults drop down</name>
            <title>And User selects two in the number of adults drop down</title>
            <steps/>
            <attachments/>
            <labels>
                <label name="host" value="Shakibs-MacBook-Pro.local"/>
                <label name="thread" value="2195@Shakibs-MacBook-Pro.local.main(1)"/>
            </labels>
        </test-case>
        <test-case start="1501894204949" stop="1501894204949" status="passed">
            <name>And User selects one in the number of children drop down</name>
            <title>And User selects one in the number of children drop down</title>
            <steps/>
            <attachments/>
            <labels>
                <label name="host" value="Shakibs-MacBook-Pro.local"/>
                <label name="thread" value="2195@Shakibs-MacBook-Pro.local.main(1)"/>
            </labels>
        </test-case>
        <test-case start="1501894210061" stop="1501894210061" status="passed">
            <name>And User selects three in age of children drop down</name>
            <title>And User selects three in age of children drop down</title>
            <steps/>
            <attachments/>
            <labels>
                <label name="host" value="Shakibs-MacBook-Pro.local"/>
                <label name="thread" value="2195@Shakibs-MacBook-Pro.local.main(1)"/>
            </labels>
        </test-case>
        <test-case start="1501894210168" stop="1501894210168" status="passed">
            <name>And User clicks on show deals button</name>
            <title>And User clicks on show deals button</title>
            <steps/>
            <attachments/>
            <labels>
                <label name="host" value="Shakibs-MacBook-Pro.local"/>
                <label name="thread" value="2195@Shakibs-MacBook-Pro.local.main(1)"/>
            </labels>
        </test-case>
        <test-case start="1501894220303" stop="1501894220304" status="failed">
            <name>And User clicks on change search button on the show deals page</name>
            <title>And User clicks on change search button on the show deals page</title>
            <failure>
                <message>AssertionError: Element is not found with this locator: By.xpath: //button[@aria-controls='change-search-form']</message>
                <stack-trace>java.lang.AssertionError: Element is not found with this locator: By.xpath: //button[@aria-controls='change-search-form']
	at org.testng.Assert.fail(Assert.java:93)
	at framework.BasePage.clickOn(BasePage.java:21)
	at framework.ShowDealsPage.clickOnChangeSearch(ShowDealsPage.java:106)
	at stepdefinition.ShowDealsPageSD.userClicksOnChangeSearchButton(ShowDealsPageSD.java:64)
	at âœ½.And User clicks on change search button on the show deals page(/Users/shakibkarim/Downloads/bootcamp_website/src/test/resources/features/HotelsProject.feature:41)
</stack-trace>
            </failure>
            <steps/>
            <attachments/>
            <labels>
                <label name="host" value="Shakibs-MacBook-Pro.local"/>
                <label name="thread" value="2195@Shakibs-MacBook-Pro.local.main(1)"/>
            </labels>
        </test-case>
        <test-case start="1501894220307" stop="1501894220307" status="pending">
            <name>And User selects new "08/04/2017" check-in date</name>
            <title>And User selects new "08/04/2017" check-in date</title>
            <failure>
                <message>Test ignored (without reason)!</message>
                <stack-trace>There are no stack trace</stack-trace>
            </failure>
            <steps/>
            <attachments/>
            <labels>
                <label name="host" value="Shakibs-MacBook-Pro.local"/>
                <label name="thread" value="2195@Shakibs-MacBook-Pro.local.main(1)"/>
            </labels>
        </test-case>
        <test-case start="1501894220308" stop="1501894220308" status="pending">
            <name>And User selects new "08/07/2017" check-out date</name>
            <title>And User selects new "08/07/2017" check-out date</title>
            <failure>
                <message>Test ignored (without reason)!</message>
                <stack-trace>There are no stack trace</stack-trace>
            </failure>
            <steps/>
            <attachments/>
            <labels>
                <label name="host" value="Shakibs-MacBook-Pro.local"/>
                <label name="thread" value="2195@Shakibs-MacBook-Pro.local.main(1)"/>
            </labels>
        </test-case>
        <test-case start="1501894220309" stop="1501894220309" status="pending">
            <name>And User changes selection in number of rooms to two</name>
            <title>And User changes selection in number of rooms to two</title>
            <failure>
                <message>Test ignored (without reason)!</message>
                <stack-trace>There are no stack trace</stack-trace>
            </failure>
            <steps/>
            <attachments/>
            <labels>
                <label name="host" value="Shakibs-MacBook-Pro.local"/>
                <label name="thread" value="2195@Shakibs-MacBook-Pro.local.main(1)"/>
            </labels>
        </test-case>
        <test-case start="1501894220310" stop="1501894220310" status="pending">
            <name>And User changes selection in number of adults to two in the first room</name>
            <title>And User changes selection in number of adults to two in the first room</title>
            <failure>
                <message>Test ignored (without reason)!</message>
                <stack-trace>There are no stack trace</stack-trace>
            </failure>
            <steps/>
            <attachments/>
            <labels>
                <label name="host" value="Shakibs-MacBook-Pro.local"/>
                <label name="thread" value="2195@Shakibs-MacBook-Pro.local.main(1)"/>
            </labels>
        </test-case>
        <test-case start="1501894220312" stop="1501894220312" status="pending">
            <name>And User changes selection in number of children to one in the first room</name>
            <title>And User changes selection in number of children to one in the first room</title>
            <failure>
                <message>Test ignored (without reason)!</message>
                <stack-trace>There are no stack trace</stack-trace>
            </failure>
            <steps/>
            <attachments/>
            <labels>
                <label name="host" value="Shakibs-MacBook-Pro.local"/>
                <label name="thread" value="2195@Shakibs-MacBook-Pro.local.main(1)"/>
            </labels>
        </test-case>
        <test-case start="1501894220314" stop="1501894220314" status="pending">
            <name>And User changes selection in age of first children to two</name>
            <title>And User changes selection in age of first children to two</title>
            <failure>
                <message>Test ignored (without reason)!</message>
                <stack-trace>There are no stack trace</stack-trace>
            </failure>
            <steps/>
            <attachments/>
            <labels>
                <label name="host" value="Shakibs-MacBook-Pro.local"/>
                <label name="thread" value="2195@Shakibs-MacBook-Pro.local.main(1)"/>
            </labels>
        </test-case>
        <test-case start="1501894220315" stop="1501894220315" status="pending">
            <name>And User changes number of adults in the second room to one</name>
            <title>And User changes number of adults in the second room to one</title>
            <failure>
                <message>Test ignored (without reason)!</message>
                <stack-trace>There are no stack trace</stack-trace>
            </failure>
            <steps/>
            <attachments/>
            <labels>
                <label name="host" value="Shakibs-MacBook-Pro.local"/>
                <label name="thread" value="2195@Shakibs-MacBook-Pro.local.main(1)"/>
            </labels>
        </test-case>
        <test-case start="1501894220317" stop="1501894220317" status="pending">
            <name>And User adds one child in room two</name>
            <title>And User adds one child in room two</title>
            <failure>
                <message>Test ignored (without reason)!</message>
                <stack-trace>There are no stack trace</stack-trace>
            </failure>
            <steps/>
            <attachments/>
            <labels>
                <label name="host" value="Shakibs-MacBook-Pro.local"/>
                <label name="thread" value="2195@Shakibs-MacBook-Pro.local.main(1)"/>
            </labels>
        </test-case>
        <test-case start="1501894220318" stop="1501894220318" status="pending">
            <name>And User adds age of child in the second room as one</name>
            <title>And User adds age of child in the second room as one</title>
            <failure>
                <message>Test ignored (without reason)!</message>
                <stack-trace>There are no stack trace</stack-trace>
            </failure>
            <steps/>
            <attachments/>
            <labels>
                <label name="host" value="Shakibs-MacBook-Pro.local"/>
                <label name="thread" value="2195@Shakibs-MacBook-Pro.local.main(1)"/>
            </labels>
        </test-case>
        <test-case start="1501894220319" stop="1501894220319" status="pending">
            <name>And User clicks on search button</name>
            <title>And User clicks on search button</title>
            <failure>
                <message>Test ignored (without reason)!</message>
                <stack-trace>There are no stack trace</stack-trace>
            </failure>
            <steps/>
            <attachments/>
            <labels>
                <label name="host" value="Shakibs-MacBook-Pro.local"/>
                <label name="thread" value="2195@Shakibs-MacBook-Pro.local.main(1)"/>
            </labels>
        </test-case>
        <test-case start="1501894220321" stop="1501894220321" status="pending">
            <name>Then The changes in details are displayed</name>
            <title>Then The changes in details are displayed</title>
            <failure>
                <message>Test ignored (without reason)!</message>
                <stack-trace>There are no stack trace</stack-trace>
            </failure>
            <steps/>
            <attachments/>
            <labels>
                <label name="host" value="Shakibs-MacBook-Pro.local"/>
                <label name="thread" value="2195@Shakibs-MacBook-Pro.local.main(1)"/>
            </labels>
        </test-case>
    </test-cases>
    <labels>
        <label name="story" value="Verify user can change search on show deals page in ShowDealsPage"/>
        <label name="feature" value="Hotels.com feature"/>
        <label name="framework" value="CucumberJVM"/>
        <label name="language" value="JAVA"/>
    </labels>
</ns2:test-suite>
