<?xml version="1.0" encoding="UTF-8" standalone="yes"?>
<ns2:test-suite start="1503154333636" stop="1503154347036" version="1.4.15" xmlns:ns2="urn:model.allure.qatools.yandex.ru">
    <name>Verify user can change search on show deals page in ShowDealsPage</name>
    <title>Verify user can change search on show deals page in ShowDealsPage</title>
    <test-cases>
        <test-case start="1503154333638" stop="1503154333638" status="passed">
            <name>Given I open the default browser and I am on hotel deals page</name>
            <title>Given I open the default browser and I am on hotel deals page</title>
            <steps/>
            <attachments/>
            <labels>
                <label name="host" value="Shakibs-MacBook-Pro.local"/>
                <label name="thread" value="2524@Shakibs-MacBook-Pro.local.main(1)"/>
            </labels>
        </test-case>
        <test-case start="1503154336888" stop="1503154336888" status="passed">
            <name>When User types "Boston" into destination text field</name>
            <title>When User types "Boston" into destination text field</title>
            <steps/>
            <attachments/>
            <labels>
                <label name="host" value="Shakibs-MacBook-Pro.local"/>
                <label name="thread" value="2524@Shakibs-MacBook-Pro.local.main(1)"/>
            </labels>
        </test-case>
        <test-case start="1503154346937" stop="1503154346937" status="passed">
            <name>And User selects destination from the drop down suggestions</name>
            <title>And User selects destination from the drop down suggestions</title>
            <steps/>
            <attachments/>
            <labels>
                <label name="host" value="Shakibs-MacBook-Pro.local"/>
                <label name="thread" value="2524@Shakibs-MacBook-Pro.local.main(1)"/>
            </labels>
        </test-case>
        <test-case start="1503154347006" stop="1503154347008" status="broken">
            <name>And User clicks on "08/25/2017" check-in date</name>
            <title>And User clicks on "08/25/2017" check-in date</title>
            <failure>
                <message>WebDriverException: unknown error: Element &lt;input type="text" class="query-localised-check-in " name="q-localised-check-in" id="qf-1q-localised-check-in" placeholder="mm/dd/yy" aria-haspopup="true" aria-labelledby="widget-query-label-1 widget-query-label-2" autocomplete="off"&gt; is not clickable at point (221, 312). Other element would receive the click: &lt;p&gt;...&lt;/p&gt;
  (Session info: chrome=60.0.3112.101)
  (Driver info: chromedriver=2.29.461585 (0be2cd95f834e9ee7c46bcc7cf405b483f5ae83b),platform=Mac OS X 10.12.6 x86_64) (WARNING: The server did not provide any stacktrace information)
Command duration or timeout: 47 milliseconds
Build info: version: '3.4.0', revision: 'unknown', time: 'unknown'
System info: host: 'Shakibs-MacBook-Pro.local', ip: 'fdf3:f832:32c8:0:5849:1ebc:ff8d:1f6b', os.name: 'Mac OS X', os.arch: 'x86_64', os.version: '10.12.6', java.version: '1.8.0_131'
Driver info: org.openqa.selenium.chrome.ChromeDriver
Capabilities [{applicationCacheEnabled=false, rotatable=false, mobileEmulationEnabled=false, networkConnectionEnabled=false, chrome={chromedriverVersion=2.29.461585 (0be2cd95f834e9ee7c46bcc7cf405b483f5ae83b), userDataDir=/var/folders/fp/ttz4zcxx79v0599hcs9l_x7h0000gn/T/.org.chromium.Chromium.FH5z5Q}, takesHeapSnapshot=true, pageLoadStrategy=normal, databaseEnabled=false, handlesAlerts=true, hasTouchScreen=false, version=60.0.3112.101, platform=MAC, browserConnectionEnabled=false, nativeEvents=true, acceptSslCerts=true, locationContextEnabled=true, webStorageEnabled=true, browserName=chrome, takesScreenshot=true, javascriptEnabled=true, cssSelectorsEnabled=true, unexpectedAlertBehaviour=}]
Session ID: ecbac0960652dc1d422c13259edba31e</message>
                <stack-trace>org.openqa.selenium.WebDriverException: unknown error: Element &lt;input type="text" class="query-localised-check-in " name="q-localised-check-in" id="qf-1q-localised-check-in" placeholder="mm/dd/yy" aria-haspopup="true" aria-labelledby="widget-query-label-1 widget-query-label-2" autocomplete="off"&gt; is not clickable at point (221, 312). Other element would receive the click: &lt;p&gt;...&lt;/p&gt;
  (Session info: chrome=60.0.3112.101)
  (Driver info: chromedriver=2.29.461585 (0be2cd95f834e9ee7c46bcc7cf405b483f5ae83b),platform=Mac OS X 10.12.6 x86_64) (WARNING: The server did not provide any stacktrace information)
Command duration or timeout: 47 milliseconds
Build info: version: '3.4.0', revision: 'unknown', time: 'unknown'
System info: host: 'Shakibs-MacBook-Pro.local', ip: 'fdf3:f832:32c8:0:5849:1ebc:ff8d:1f6b', os.name: 'Mac OS X', os.arch: 'x86_64', os.version: '10.12.6', java.version: '1.8.0_131'
Driver info: org.openqa.selenium.chrome.ChromeDriver
Capabilities [{applicationCacheEnabled=false, rotatable=false, mobileEmulationEnabled=false, networkConnectionEnabled=false, chrome={chromedriverVersion=2.29.461585 (0be2cd95f834e9ee7c46bcc7cf405b483f5ae83b), userDataDir=/var/folders/fp/ttz4zcxx79v0599hcs9l_x7h0000gn/T/.org.chromium.Chromium.FH5z5Q}, takesHeapSnapshot=true, pageLoadStrategy=normal, databaseEnabled=false, handlesAlerts=true, hasTouchScreen=false, version=60.0.3112.101, platform=MAC, browserConnectionEnabled=false, nativeEvents=true, acceptSslCerts=true, locationContextEnabled=true, webStorageEnabled=true, browserName=chrome, takesScreenshot=true, javascriptEnabled=true, cssSelectorsEnabled=true, unexpectedAlertBehaviour=}]
Session ID: ecbac0960652dc1d422c13259edba31e
	at sun.reflect.NativeConstructorAccessorImpl.newInstance0(Native Method)
	at sun.reflect.NativeConstructorAccessorImpl.newInstance(NativeConstructorAccessorImpl.java:62)
	at sun.reflect.DelegatingConstructorAccessorImpl.newInstance(DelegatingConstructorAccessorImpl.java:45)
	at java.lang.reflect.Constructor.newInstance(Constructor.java:423)
	at org.openqa.selenium.remote.ErrorHandler.createThrowable(ErrorHandler.java:215)
	at org.openqa.selenium.remote.ErrorHandler.throwIfResponseFailed(ErrorHandler.java:167)
	at org.openqa.selenium.remote.RemoteWebDriver.execute(RemoteWebDriver.java:671)
	at org.openqa.selenium.remote.RemoteWebElement.execute(RemoteWebElement.java:272)
	at org.openqa.selenium.remote.RemoteWebElement.click(RemoteWebElement.java:82)
	at framework.BasePage.clickOn(BasePage.java:19)
	at framework.ShowDealsPage.userSelectCheckInDate(ShowDealsPage.java:61)
	at stepdefinition.ShowDealsPageSD.userSelectsCheckInDate(ShowDealsPageSD.java:30)
	at âœ½.And User clicks on "08/25/2017" check-in date(/Users/shakibkarim/Downloads/bootcamp_website/src/test/resources/features/HotelsProject.feature:34)
</stack-trace>
            </failure>
            <steps/>
            <attachments/>
            <labels>
                <label name="host" value="Shakibs-MacBook-Pro.local"/>
                <label name="thread" value="2524@Shakibs-MacBook-Pro.local.main(1)"/>
            </labels>
        </test-case>
        <test-case start="1503154347012" stop="1503154347013" status="pending">
            <name>And User clicks on "08/30/2017" check-out date</name>
            <title>And User clicks on "08/30/2017" check-out date</title>
            <failure>
                <message>Test ignored (without reason)!</message>
                <stack-trace>There are no stack trace</stack-trace>
            </failure>
            <steps/>
            <attachments/>
            <labels>
                <label name="host" value="Shakibs-MacBook-Pro.local"/>
                <label name="thread" value="2524@Shakibs-MacBook-Pro.local.main(1)"/>
            </labels>
        </test-case>
        <test-case start="1503154347014" stop="1503154347014" status="pending">
            <name>And User selects one in the number of rooms drop down</name>
            <title>And User selects one in the number of rooms drop down</title>
            <failure>
                <message>Test ignored (without reason)!</message>
                <stack-trace>There are no stack trace</stack-trace>
            </failure>
            <steps/>
            <attachments/>
            <labels>
                <label name="host" value="Shakibs-MacBook-Pro.local"/>
                <label name="thread" value="2524@Shakibs-MacBook-Pro.local.main(1)"/>
            </labels>
        </test-case>
        <test-case start="1503154347015" stop="1503154347015" status="pending">
            <name>And User selects two in the number of adults drop down</name>
            <title>And User selects two in the number of adults drop down</title>
            <failure>
                <message>Test ignored (without reason)!</message>
                <stack-trace>There are no stack trace</stack-trace>
            </failure>
            <steps/>
            <attachments/>
            <labels>
                <label name="host" value="Shakibs-MacBook-Pro.local"/>
                <label name="thread" value="2524@Shakibs-MacBook-Pro.local.main(1)"/>
            </labels>
        </test-case>
        <test-case start="1503154347016" stop="1503154347017" status="pending">
            <name>And User selects one in the number of children drop down</name>
            <title>And User selects one in the number of children drop down</title>
            <failure>
                <message>Test ignored (without reason)!</message>
                <stack-trace>There are no stack trace</stack-trace>
            </failure>
            <steps/>
            <attachments/>
            <labels>
                <label name="host" value="Shakibs-MacBook-Pro.local"/>
                <label name="thread" value="2524@Shakibs-MacBook-Pro.local.main(1)"/>
            </labels>
        </test-case>
        <test-case start="1503154347018" stop="1503154347018" status="pending">
            <name>And User selects three in age of children drop down</name>
            <title>And User selects three in age of children drop down</title>
            <failure>
                <message>Test ignored (without reason)!</message>
                <stack-trace>There are no stack trace</stack-trace>
            </failure>
            <steps/>
            <attachments/>
            <labels>
                <label name="host" value="Shakibs-MacBook-Pro.local"/>
                <label name="thread" value="2524@Shakibs-MacBook-Pro.local.main(1)"/>
            </labels>
        </test-case>
        <test-case start="1503154347020" stop="1503154347020" status="pending">
            <name>And User clicks on show deals button</name>
            <title>And User clicks on show deals button</title>
            <failure>
                <message>Test ignored (without reason)!</message>
                <stack-trace>There are no stack trace</stack-trace>
            </failure>
            <steps/>
            <attachments/>
            <labels>
                <label name="host" value="Shakibs-MacBook-Pro.local"/>
                <label name="thread" value="2524@Shakibs-MacBook-Pro.local.main(1)"/>
            </labels>
        </test-case>
        <test-case start="1503154347021" stop="1503154347021" status="pending">
            <name>And User clicks on change search button on the show deals page</name>
            <title>And User clicks on change search button on the show deals page</title>
            <failure>
                <message>Test ignored (without reason)!</message>
                <stack-trace>There are no stack trace</stack-trace>
            </failure>
            <steps/>
            <attachments/>
            <labels>
                <label name="host" value="Shakibs-MacBook-Pro.local"/>
                <label name="thread" value="2524@Shakibs-MacBook-Pro.local.main(1)"/>
            </labels>
        </test-case>
        <test-case start="1503154347022" stop="1503154347022" status="pending">
            <name>And User selects new "08/27/2017" check-in date</name>
            <title>And User selects new "08/27/2017" check-in date</title>
            <failure>
                <message>Test ignored (without reason)!</message>
                <stack-trace>There are no stack trace</stack-trace>
            </failure>
            <steps/>
            <attachments/>
            <labels>
                <label name="host" value="Shakibs-MacBook-Pro.local"/>
                <label name="thread" value="2524@Shakibs-MacBook-Pro.local.main(1)"/>
            </labels>
        </test-case>
        <test-case start="1503154347024" stop="1503154347024" status="pending">
            <name>And User selects new "08/29/2017" check-out date</name>
            <title>And User selects new "08/29/2017" check-out date</title>
            <failure>
                <message>Test ignored (without reason)!</message>
                <stack-trace>There are no stack trace</stack-trace>
            </failure>
            <steps/>
            <attachments/>
            <labels>
                <label name="host" value="Shakibs-MacBook-Pro.local"/>
                <label name="thread" value="2524@Shakibs-MacBook-Pro.local.main(1)"/>
            </labels>
        </test-case>
        <test-case start="1503154347025" stop="1503154347025" status="pending">
            <name>And User changes selection in number of rooms to two</name>
            <title>And User changes selection in number of rooms to two</title>
            <failure>
                <message>Test ignored (without reason)!</message>
                <stack-trace>There are no stack trace</stack-trace>
            </failure>
            <steps/>
            <attachments/>
            <labels>
                <label name="host" value="Shakibs-MacBook-Pro.local"/>
                <label name="thread" value="2524@Shakibs-MacBook-Pro.local.main(1)"/>
            </labels>
        </test-case>
        <test-case start="1503154347026" stop="1503154347026" status="pending">
            <name>And User changes selection in number of adults to two in the first room</name>
            <title>And User changes selection in number of adults to two in the first room</title>
            <failure>
                <message>Test ignored (without reason)!</message>
                <stack-trace>There are no stack trace</stack-trace>
            </failure>
            <steps/>
            <attachments/>
            <labels>
                <label name="host" value="Shakibs-MacBook-Pro.local"/>
                <label name="thread" value="2524@Shakibs-MacBook-Pro.local.main(1)"/>
            </labels>
        </test-case>
        <test-case start="1503154347028" stop="1503154347028" status="pending">
            <name>And User changes selection in number of children to one in the first room</name>
            <title>And User changes selection in number of children to one in the first room</title>
            <failure>
                <message>Test ignored (without reason)!</message>
                <stack-trace>There are no stack trace</stack-trace>
            </failure>
            <steps/>
            <attachments/>
            <labels>
                <label name="host" value="Shakibs-MacBook-Pro.local"/>
                <label name="thread" value="2524@Shakibs-MacBook-Pro.local.main(1)"/>
            </labels>
        </test-case>
        <test-case start="1503154347029" stop="1503154347029" status="pending">
            <name>And User changes selection in age of first children to two</name>
            <title>And User changes selection in age of first children to two</title>
            <failure>
                <message>Test ignored (without reason)!</message>
                <stack-trace>There are no stack trace</stack-trace>
            </failure>
            <steps/>
            <attachments/>
            <labels>
                <label name="host" value="Shakibs-MacBook-Pro.local"/>
                <label name="thread" value="2524@Shakibs-MacBook-Pro.local.main(1)"/>
            </labels>
        </test-case>
        <test-case start="1503154347030" stop="1503154347030" status="pending">
            <name>And User changes number of adults in the second room to one</name>
            <title>And User changes number of adults in the second room to one</title>
            <failure>
                <message>Test ignored (without reason)!</message>
                <stack-trace>There are no stack trace</stack-trace>
            </failure>
            <steps/>
            <attachments/>
            <labels>
                <label name="host" value="Shakibs-MacBook-Pro.local"/>
                <label name="thread" value="2524@Shakibs-MacBook-Pro.local.main(1)"/>
            </labels>
        </test-case>
        <test-case start="1503154347031" stop="1503154347031" status="pending">
            <name>And User adds one child in room two</name>
            <title>And User adds one child in room two</title>
            <failure>
                <message>Test ignored (without reason)!</message>
                <stack-trace>There are no stack trace</stack-trace>
            </failure>
            <steps/>
            <attachments/>
            <labels>
                <label name="host" value="Shakibs-MacBook-Pro.local"/>
                <label name="thread" value="2524@Shakibs-MacBook-Pro.local.main(1)"/>
            </labels>
        </test-case>
        <test-case start="1503154347033" stop="1503154347033" status="pending">
            <name>And User adds age of child in the second room as one</name>
            <title>And User adds age of child in the second room as one</title>
            <failure>
                <message>Test ignored (without reason)!</message>
                <stack-trace>There are no stack trace</stack-trace>
            </failure>
            <steps/>
            <attachments/>
            <labels>
                <label name="host" value="Shakibs-MacBook-Pro.local"/>
                <label name="thread" value="2524@Shakibs-MacBook-Pro.local.main(1)"/>
            </labels>
        </test-case>
        <test-case start="1503154347034" stop="1503154347034" status="pending">
            <name>And User clicks on search button</name>
            <title>And User clicks on search button</title>
            <failure>
                <message>Test ignored (without reason)!</message>
                <stack-trace>There are no stack trace</stack-trace>
            </failure>
            <steps/>
            <attachments/>
            <labels>
                <label name="host" value="Shakibs-MacBook-Pro.local"/>
                <label name="thread" value="2524@Shakibs-MacBook-Pro.local.main(1)"/>
            </labels>
        </test-case>
        <test-case start="1503154347036" stop="1503154347036" status="pending">
            <name>Then The changes in details are displayed</name>
            <title>Then The changes in details are displayed</title>
            <failure>
                <message>Test ignored (without reason)!</message>
                <stack-trace>There are no stack trace</stack-trace>
            </failure>
            <steps/>
            <attachments/>
            <labels>
                <label name="host" value="Shakibs-MacBook-Pro.local"/>
                <label name="thread" value="2524@Shakibs-MacBook-Pro.local.main(1)"/>
            </labels>
        </test-case>
    </test-cases>
    <labels>
        <label name="story" value="Verify user can change search on show deals page in ShowDealsPage"/>
        <label name="feature" value="Hotels.com feature"/>
        <label name="framework" value="CucumberJVM"/>
        <label name="language" value="JAVA"/>
    </labels>
</ns2:test-suite>
